<?xml version="1.0" encoding="UTF-8"?>
<!-- Generated by org.testng.reporters.JUnitReportReporter -->
<testsuite hostname="LAPTOP-Q8JJ5APL" failures="0" tests="1" name="com.rough.FindDoctor" time="12.230" errors="0" timestamp="25 Nov 2020 03:20:17 GMT" skipped="0">
  <testcase classname="com.rough.FindDoctor" name="findADoctor" time="12.230"/>
</testsuite> <!-- com.rough.FindDoctor -->
